<?xml version="1.0" encoding="UTF-8"?>
<!-- Generated by org.testng.reporters.JUnitXMLReporter -->
<testsuite hostname="DESKTOP-E2OB6NL" ignored="0" name="Test" tests="1" failures="1" timestamp="17 Jul 2019 06:07:28 GMT" time="0.197" errors="0">
  <testcase name="checkUserLogin" time="0.116" classname="Tests.VerifyLogin">
    <failure type="java.lang.NoClassDefFoundError" message="com/google/common/collect/ImmutableMap">
      <![CDATA[java.lang.NoClassDefFoundError: com/google/common/collect/ImmutableMap
at org.openqa.selenium.firefox.FirefoxDriver.<clinit>(FirefoxDriver.java:108)
at utilities.BrowserFactory.startBrowser(BrowserFactory.java:16)
at Tests.VerifyLogin.checkUserLogin(VerifyLogin.java:15)
Caused by: java.lang.ClassNotFoundException: com.google.common.collect.ImmutableMap
at java.net.URLClassLoader.findClass(Unknown Source)
at java.lang.ClassLoader.loadClass(Unknown Source)
at sun.misc.Launcher$AppClassLoader.loadClass(Unknown Source)
at java.lang.ClassLoader.loadClass(Unknown Source)
... 28 more
... Removed 25 stack frames]]>
    </failure>
  </testcase> <!-- checkUserLogin -->
</testsuite> <!-- Test -->
